<?xml version="1.0" encoding="UTF-8"?>
<!-- Generated by org.testng.reporters.JUnitReportReporter -->
<testsuite hostname="Firat-Aras-MacBook-Air.local" name="com.argela.test.WirofonAutoTesting" tests="2" failures="0" timestamp="14 Jun 2016 07:11:35 GMT" time="45.671" errors="0">
  <testcase name="Giris" time="39.164" classname="com.argela.test.WirofonAutoTesting"/>
  <testcase name="WarningPage" time="6.507" classname="com.argela.test.WirofonAutoTesting"/>
</testsuite> <!-- com.argela.test.WirofonAutoTesting -->
